<?xml version='1.0' encoding='UTF-8'?>
<testsuite hostname="meowwww-VM-2410" name="Pipeline.TOPTest" tests="1" errors="0" failures="0" skipped="0" time="3.315" timestamp="2025-01-13T00:37:08">
                     <properties>
      <property name="jline.esc.timeout" value="0"/><property name="jna.platform.library.path" value="/usr/lib/x86_64-linux-gnu:/lib/x86_64-linux-gnu:/usr/lib64:/lib64:/usr/lib:/lib:/usr/lib/x86_64-linux-gnu/libfakeroot"/><property name="java.runtime.name" value="OpenJDK Runtime Environment"/><property name="sun.boot.library.path" value="/home/meowwww-2410/.sdkman/candidates/java/8.0.432-tem/jre/lib/amd64"/><property name="java.vm.version" value="25.432-b06"/><property name="java.vm.vendor" value="Temurin"/><property name="java.vendor.url" value="https://adoptium.net/"/><property name="path.separator" value=":"/><property name="jna.loaded" value="true"/><property name="java.vm.name" value="OpenJDK 64-Bit Server VM"/><property name="file.encoding.pkg" value="sun.io"/><property name="user.country" value="US"/><property name="sun.java.launcher" value="SUN_STANDARD"/><property name="sun.os.patch.level" value="unknown"/><property name="jna.nosys" value="true"/><property name="java.vm.specification.name" value="Java Virtual Machine Specification"/><property name="user.dir" value="/home/meowwww-2410/Desktop/RV32F"/><property name="java.runtime.version" value="1.8.0_432-b06"/><property name="java.awt.graphicsenv" value="sun.awt.X11GraphicsEnvironment"/><property name="java.endorsed.dirs" value="/home/meowwww-2410/.sdkman/candidates/java/8.0.432-tem/jre/lib/endorsed"/><property name="os.arch" value="amd64"/><property name="java.io.tmpdir" value="/tmp"/><property name="line.separator" value="
"/><property name="java.vm.specification.vendor" value="Oracle Corporation"/><property name="log4j.ignoreTCL" value="true"/><property name="os.name" value="Linux"/><property name="sun.jnu.encoding" value="UTF-8"/><property name="jnidispatch.path" value="/home/meowwww-2410/.cache/JNA/temp/jna1918648408878592088.tmp"/><property name="java.library.path" value="/usr/java/packages/lib/amd64:/usr/lib64:/lib64:/lib:/usr/lib"/><property name="java.specification.name" value="Java Platform API Specification"/><property name="java.class.version" value="52.0"/><property name="sun.management.compiler" value="HotSpot 64-Bit Tiered Compilers"/><property name="os.version" value="6.11.0-13-generic"/><property name="swoval.tmpdir" value="/home/meowwww-2410/.sbt/1.0"/><property name="user.home" value="/home/meowwww-2410"/><property name="user.timezone" value="Asia/Taipei"/><property name="java.awt.printerjob" value="sun.print.PSPrinterJob"/><property name="file.encoding" value="UTF-8"/><property name="java.specification.version" value="1.8"/><property name="java.class.path" value="/home/meowwww-2410/.cache/sbt/boot/sbt-launch/1.10.7/sbt-launch-1.10.7.jar"/><property name="user.name" value="meowwww-2410"/><property name="jline.shutdownhook" value="false"/><property name="java.vm.specification.version" value="1.8"/><property name="sun.java.command" value="/home/meowwww-2410/.cache/sbt/boot/sbt-launch/1.10.7/sbt-launch-1.10.7.jar test"/><property name="java.home" value="/home/meowwww-2410/.sdkman/candidates/java/8.0.432-tem/jre"/><property name="sun.arch.data.model" value="64"/><property name="user.language" value="en"/><property name="java.specification.vendor" value="Oracle Corporation"/><property name="awt.toolkit" value="sun.awt.X11.XToolkit"/><property name="java.vm.info" value="mixed mode"/><property name="java.version" value="1.8.0_432"/><property name="java.ext.dirs" value="/home/meowwww-2410/.sdkman/candidates/java/8.0.432-tem/jre/lib/ext:/usr/java/packages/lib/ext"/><property name="sun.boot.class.path" value="/home/meowwww-2410/.sdkman/candidates/java/8.0.432-tem/jre/lib/resources.jar:/home/meowwww-2410/.sdkman/candidates/java/8.0.432-tem/jre/lib/rt.jar:/home/meowwww-2410/.sdkman/candidates/java/8.0.432-tem/jre/lib/sunrsasign.jar:/home/meowwww-2410/.sdkman/candidates/java/8.0.432-tem/jre/lib/jsse.jar:/home/meowwww-2410/.sdkman/candidates/java/8.0.432-tem/jre/lib/jce.jar:/home/meowwww-2410/.sdkman/candidates/java/8.0.432-tem/jre/lib/charsets.jar:/home/meowwww-2410/.sdkman/candidates/java/8.0.432-tem/jre/lib/jfr.jar:/home/meowwww-2410/.sdkman/candidates/java/8.0.432-tem/jre/classes"/><property name="java.vendor" value="Temurin"/><property name="java.specification.maintenance.version" value="6"/><property name="file.separator" value="/"/><property name="java.vendor.url.bug" value="https://github.com/adoptium/adoptium-support/issues"/><property name="sun.io.unicode.encoding" value="UnicodeLittle"/><property name="sun.cpu.endian" value="little"/><property name="sbt.script" value="/usr/bin/sbt"/><property name="sun.desktop" value="gnome"/><property name="sun.cpu.isalist" value=""/>
    </properties>
                     <testcase classname="Pipeline.TOPTest" name="5-Stage test" time="3.315">
                                                 
                                               </testcase>
                     <system-out><![CDATA[]]></system-out>
                     <system-err><![CDATA[]]></system-err>
                   </testsuite>